<?xml version="1.0" encoding="UTF-8"?>
<testsuite xmlns:xsi="http://www.w3.org/2001/XMLSchema-instance" xsi:noNamespaceSchemaLocation="https://maven.apache.org/surefire/maven-surefire-plugin/xsd/surefire-test-report-3.0.xsd" version="3.0" name="csen1003.tests.A2.Assignment2TestsBatch1" time="0.184" tests="11" errors="0" skipped="0" failures="0">
  <properties>
[...]
</properties>
  <testcase name="testString10" classname="csen1003.tests.A2.Assignment2TestsBatch1" time="0.093"/>
  <testcase name="testString11" classname="csen1003.tests.A2.Assignment2TestsBatch1" time="0.002"/>
  <testcase name="testString1" classname="csen1003.tests.A2.Assignment2TestsBatch1" time="0.004"/>
  <testcase name="testString2" classname="csen1003.tests.A2.Assignment2TestsBatch1" time="0.004"/>
  <testcase name="testString3" classname="csen1003.tests.A2.Assignment2TestsBatch1" time="0.004"/>
  <testcase name="testString4" classname="csen1003.tests.A2.Assignment2TestsBatch1" time="0.003"/>
  <testcase name="testString5" classname="csen1003.tests.A2.Assignment2TestsBatch1" time="0.003"/>
  <testcase name="testString6" classname="csen1003.tests.A2.Assignment2TestsBatch1" time="0.003"/>
  <testcase name="testString7" classname="csen1003.tests.A2.Assignment2TestsBatch1" time="0.005"/>
  <testcase name="testString8" classname="csen1003.tests.A2.Assignment2TestsBatch1" time="0.004"/>
  <testcase name="testString9" classname="csen1003.tests.A2.Assignment2TestsBatch1" time="0.004"/>
</testsuite>